# JRE version: Java(TM) SE Runtime Environment (8.0_144-b01) (build 1.8.0_144-b01)
# Java VM: Java HotSpot(TM) 64-Bit Server VM (25.144-b01 mixed mode windows-amd64 compressed oops)
Heap:
 PSYoungGen      total 121344K, used 0K [0x000000076b300000, 0x0000000773c80000, 0x00000007c0000000)
  eden space 117248K, 0% used [0x000000076b300000,0x000000076b300000,0x0000000772580000)
  from space 4096K, 0% used [0x0000000773880000,0x0000000773880000,0x0000000773c80000)
  to   space 11776K, 0% used [0x0000000772580000,0x0000000772580000,0x0000000773100000)
 ParOldGen       total 76800K, used 11581K [0x00000006c1800000, 0x00000006c6300000, 0x000000076b300000)
  object space 76800K, 15% used [0x00000006c1800000,0x00000006c234f590,0x00000006c6300000)
 Metaspace       used 29574K, capacity 29788K, committed 30080K, reserved 1083392K
  class space    used 3260K, capacity 3335K, committed 3456K, reserved 1048576K
GC Heap History (10 events):
Event: 3.325 GC heap after
Heap after GC invocations=6 (full 1):
 PSYoungGen      total 76288K, used 0K [0x000000076b300000, 0x0000000770800000, 0x00000007c0000000)
  eden space 65536K, 0% used [0x000000076b300000,0x000000076b300000,0x000000076f300000)
  from space 10752K, 0% used [0x000000076f300000,0x000000076f300000,0x000000076fd80000)
  to   space 10752K, 0% used [0x000000076fd80000,0x000000076fd80000,0x0000000770800000)
 ParOldGen       total 76800K, used 7283K [0x00000006c1800000, 0x00000006c6300000, 0x000000076b300000)
  object space 76800K, 9% used [0x00000006c1800000,0x00000006c1f1cc50,0x00000006c6300000)
 Metaspace       used 18895K, capacity 19068K, committed 19328K, reserved 1069056K
  class space    used 2272K, capacity 2343K, committed 2432K, reserved 1048576K
}
Event: 3.751 GC heap before
{Heap before GC invocations=7 (full 1):
 PSYoungGen      total 76288K, used 65536K [0x000000076b300000, 0x0000000770800000, 0x00000007c0000000)
  eden space 65536K, 100% used [0x000000076b300000,0x000000076f300000,0x000000076f300000)
  from space 10752K, 0% used [0x000000076f300000,0x000000076f300000,0x000000076fd80000)
  to   space 10752K, 0% used [0x000000076fd80000,0x000000076fd80000,0x0000000770800000)
 ParOldGen       total 76800K, used 7283K [0x00000006c1800000, 0x00000006c6300000, 0x000000076b300000)
  object space 76800K, 9% used [0x00000006c1800000,0x00000006c1f1cc50,0x00000006c6300000)
 Metaspace       used 25803K, capacity 26044K, committed 26240K, reserved 1075200K
  class space    used 2842K, capacity 2919K, committed 2944K, reserved 1048576K
Event: 3.755 GC heap after
Heap after GC invocations=7 (full 1):
 PSYoungGen      total 76288K, used 7986K [0x000000076b300000, 0x0000000774480000, 0x00000007c0000000)
  eden space 65536K, 0% used [0x000000076b300000,0x000000076b300000,0x000000076f300000)
  from space 10752K, 74% used [0x000000076fd80000,0x000000077054c968,0x0000000770800000)
  to   space 10752K, 0% used [0x000000076f300000,0x000000076f300000,0x000000076fd80000)
 ParOldGen       total 76800K, used 7283K [0x00000006c1800000, 0x00000006c6300000, 0x000000076b300000)
  object space 76800K, 9% used [0x00000006c1800000,0x00000006c1f1cc50,0x00000006c6300000)
 Metaspace       used 25803K, capacity 26044K, committed 26240K, reserved 1075200K
  class space    used 2842K, capacity 2919K, committed 2944K, reserved 1048576K
}
Event: 4.211 GC heap before
{Heap before GC invocations=8 (full 1):
 PSYoungGen      total 76288K, used 69037K [0x000000076b300000, 0x0000000774480000, 0x00000007c0000000)
  eden space 65536K, 93% used [0x000000076b300000,0x000000076ee9ed20,0x000000076f300000)
  from space 10752K, 74% used [0x000000076fd80000,0x000000077054c968,0x0000000770800000)
  to   space 10752K, 0% used [0x000000076f300000,0x000000076f300000,0x000000076fd80000)
 ParOldGen       total 76800K, used 7283K [0x00000006c1800000, 0x00000006c6300000, 0x000000076b300000)
  object space 76800K, 9% used [0x00000006c1800000,0x00000006c1f1cc50,0x00000006c6300000)
 Metaspace       used 29574K, capacity 29788K, committed 30080K, reserved 1081344K
  class space    used 3260K, capacity 3335K, committed 3456K, reserved 1048576K
Event: 4.215 GC heap after
Heap after GC invocations=8 (full 1):
 PSYoungGen      total 76288K, used 6686K [0x000000076b300000, 0x0000000774300000, 0x00000007c0000000)
  eden space 65536K, 0% used [0x000000076b300000,0x000000076b300000,0x000000076f300000)
  from space 10752K, 62% used [0x000000076f300000,0x000000076f987978,0x000000076fd80000)
  to   space 10752K, 0% used [0x0000000773880000,0x0000000773880000,0x0000000774300000)
 ParOldGen       total 76800K, used 7283K [0x00000006c1800000, 0x00000006c6300000, 0x000000076b300000)
  object space 76800K, 9% used [0x00000006c1800000,0x00000006c1f1cc50,0x00000006c6300000)
 Metaspace       used 29574K, capacity 29788K, committed 30080K, reserved 1081344K
  class space    used 3260K, capacity 3335K, committed 3456K, reserved 1048576K
}
Event: 4.215 GC heap before
{Heap before GC invocations=9 (full 2):
 PSYoungGen      total 76288K, used 6686K [0x000000076b300000, 0x0000000774300000, 0x00000007c0000000)
  eden space 65536K, 0% used [0x000000076b300000,0x000000076b300000,0x000000076f300000)
  from space 10752K, 62% used [0x000000076f300000,0x000000076f987978,0x000000076fd80000)
  to   space 10752K, 0% used [0x0000000773880000,0x0000000773880000,0x0000000774300000)
 ParOldGen       total 76800K, used 7283K [0x00000006c1800000, 0x00000006c6300000, 0x000000076b300000)
  object space 76800K, 9% used [0x00000006c1800000,0x00000006c1f1cc50,0x00000006c6300000)
 Metaspace       used 29574K, capacity 29788K, committed 30080K, reserved 1081344K
  class space    used 3260K, capacity 3335K, committed 3456K, reserved 1048576K
Event: 4.254 GC heap after
Heap after GC invocations=9 (full 2):
 PSYoungGen      total 76288K, used 0K [0x000000076b300000, 0x0000000774300000, 0x00000007c0000000)
  eden space 65536K, 0% used [0x000000076b300000,0x000000076b300000,0x000000076f300000)
  from space 10752K, 0% used [0x000000076f300000,0x000000076f300000,0x000000076fd80000)
  to   space 10752K, 0% used [0x0000000773880000,0x0000000773880000,0x0000000774300000)
 ParOldGen       total 76800K, used 11581K [0x00000006c1800000, 0x00000006c6300000, 0x000000076b300000)
  object space 76800K, 15% used [0x00000006c1800000,0x00000006c234f590,0x00000006c6300000)
 Metaspace       used 29574K, capacity 29788K, committed 30080K, reserved 1079296K
  class space    used 3260K, capacity 3335K, committed 3456K, reserved 1048576K
}
Event: 4.254 GC heap before
{Heap before GC invocations=10 (full 2):
 PSYoungGen      total 76288K, used 0K [0x000000076b300000, 0x0000000774300000, 0x00000007c0000000)
  eden space 65536K, 0% used [0x000000076b300000,0x000000076b300000,0x000000076f300000)
  from space 10752K, 0% used [0x000000076f300000,0x000000076f300000,0x000000076fd80000)
  to   space 10752K, 0% used [0x0000000773880000,0x0000000773880000,0x0000000774300000)
 ParOldGen       total 76800K, used 11581K [0x00000006c1800000, 0x00000006c6300000, 0x000000076b300000)
  object space 76800K, 15% used [0x00000006c1800000,0x00000006c234f590,0x00000006c6300000)
 Metaspace       used 29574K, capacity 29788K, committed 30080K, reserved 1083392K
  class space    used 3260K, capacity 3335K, committed 3456K, reserved 1048576K
Event: 4.255 GC heap after
Heap after GC invocations=10 (full 2):
 PSYoungGen      total 121344K, used 0K [0x000000076b300000, 0x0000000773c80000, 0x00000007c0000000)
  eden space 117248K, 0% used [0x000000076b300000,0x000000076b300000,0x0000000772580000)
  from space 4096K, 0% used [0x0000000773880000,0x0000000773880000,0x0000000773c80000)
  to   space 11776K, 0% used [0x0000000772580000,0x0000000772580000,0x0000000773100000)
 ParOldGen       total 76800K, used 11581K [0x00000006c1800000, 0x00000006c6300000, 0x000000076b300000)
  object space 76800K, 15% used [0x00000006c1800000,0x00000006c234f590,0x00000006c6300000)
 Metaspace       used 29574K, capacity 29788K, committed 30080K, reserved 1083392K
  class space    used 3260K, capacity 3335K, committed 3456K, reserved 1048576K
}
Event: 4.255 GC heap before
{Heap before GC invocations=11 (full 3):
 PSYoungGen      total 121344K, used 0K [0x000000076b300000, 0x0000000773c80000, 0x00000007c0000000)
  eden space 117248K, 0% used [0x000000076b300000,0x000000076b300000,0x0000000772580000)
  from space 4096K, 0% used [0x0000000773880000,0x0000000773880000,0x0000000773c80000)
  to   space 11776K, 0% used [0x0000000772580000,0x0000000772580000,0x0000000773100000)
 ParOldGen       total 76800K, used 11581K [0x00000006c1800000, 0x00000006c6300000, 0x000000076b300000)
  object space 76800K, 15% used [0x00000006c1800000,0x00000006c234f590,0x00000006c6300000)
 Metaspace       used 29574K, capacity 29788K, committed 30080K, reserved 1083392K
  class space    used 3260K, capacity 3335K, committed 3456K, reserved 1048576K

